[16:10:36] INFO     root                 Logging initialized → logs/elder_watch_20260610_161036.log
[16:10:36] INFO     ElderWatch           Initializing Elder Watch System...
[16:10:36] INFO     src.preprocessing.frame_processor FrameProcessor: resize=(640,640), CLAHE=True, blur=3
[16:10:37] INFO     src.detection.yolo_detector Loading PyTorch YOLO model: models/finetuned/yolov8n_fall.pt
[16:10:37] INFO     src.detection.yolo_detector PyTorch model loaded.
[16:10:37] INFO     ElderWatch           YOLO warmup complete.
[16:10:37] INFO     src.pose.mediapipe_pose MediaPipe disabled - YOLO-only mode.
[16:10:37] INFO     src.preprocessing.optical_flow OpticalFlowAnalyzer: enabled=True, method=farneback
[16:10:37] INFO     src.classification.fall_classifier FallClassifier initialized.
[16:10:37] INFO     src.alerts.alert_manager AlertManager initialized. Channels: SMS=False, Email=False, Telegram=False
[16:10:37] INFO     ElderWatch           All components initialized successfully.
[16:10:37] INFO     ElderWatch           Camera opened: datasets/raw/le2i/test_converted.mp4 @ 320x240
[16:10:37] INFO     ElderWatch           Starting Elder Watch monitoring loop...
[16:10:37] INFO     ElderWatch           Press Ctrl+C or 'q' to stop.
[16:10:44] WARNING  ElderWatch           Frame read failed – attempting reconnect...
[16:10:45] INFO     ElderWatch           Camera opened: datasets/raw/le2i/test_converted.mp4 @ 320x240
[16:10:52] INFO     ElderWatch           [Frame 300] FPS=22.8 | State=NORMAL
[16:10:52] WARNING  ElderWatch           Frame read failed – attempting reconnect...
[16:10:53] INFO     ElderWatch           Camera opened: datasets/raw/le2i/test_converted.mp4 @ 320x240
[16:11:00] WARNING  ElderWatch           Frame read failed – attempting reconnect...
[16:11:01] INFO     ElderWatch           Camera opened: datasets/raw/le2i/test_converted.mp4 @ 320x240
[16:11:07] INFO     ElderWatch           [Frame 600] FPS=19.8 | State=NORMAL
[16:11:08] WARNING  ElderWatch           Frame read failed – attempting reconnect...
[16:11:09] INFO     ElderWatch           Camera opened: datasets/raw/le2i/test_converted.mp4 @ 320x240
[16:11:10] INFO     ElderWatch           Keyboard interrupt received.
[16:11:10] INFO     ElderWatch           Elder Watch stopped.
