[16:21:39] INFO     root                 Logging initialized → logs/elder_watch_20260610_162139.log
[16:21:39] INFO     ElderWatch           Initializing Elder Watch System...
[16:21:39] INFO     src.preprocessing.frame_processor FrameProcessor: resize=(640,640), CLAHE=True, blur=3
[16:21:40] DEBUG    matplotlib           matplotlib data path: /home/muscle_hyper/Downloads/files (3)/elder_watch_v2_free_datasets/elder_watch/venv/lib/python3.12/site-packages/matplotlib/mpl-data
[16:21:40] DEBUG    matplotlib           CONFIGDIR=/home/muscle_hyper/.config/matplotlib
[16:21:40] DEBUG    matplotlib           interactive is False
[16:21:40] DEBUG    matplotlib           platform is linux
[16:21:40] DEBUG    matplotlib           CACHEDIR=/home/muscle_hyper/.cache/matplotlib
[16:21:40] DEBUG    matplotlib.font_manager Using fontManager instance from /home/muscle_hyper/.cache/matplotlib/fontlist-v390.json
[16:21:41] INFO     src.detection.yolo_detector Loading PyTorch YOLO model: models/finetuned/yolov8n_fall.pt
[16:21:41] INFO     src.detection.yolo_detector PyTorch model loaded.
[16:21:41] INFO     ElderWatch           YOLO warmup complete.
[16:21:41] INFO     src.pose.mediapipe_pose MediaPipe disabled - YOLO-only mode.
[16:21:41] INFO     src.preprocessing.optical_flow OpticalFlowAnalyzer: enabled=True, method=farneback
[16:21:41] INFO     src.classification.fall_classifier FallClassifier initialized.
[16:21:41] DEBUG    src.classification.fall_classifier Thresholds: aspect<2.0 | com_y<0.45 | torso>30° | confirm=3fr
[16:21:41] INFO     src.alerts.alert_manager AlertManager initialized. Channels: SMS=False, Email=False, Telegram=False
[16:21:41] INFO     ElderWatch           All components initialized successfully.
[16:21:41] INFO     ElderWatch           Camera opened: datasets/raw/le2i/test_converted.mp4 @ 320x240
[16:21:41] INFO     ElderWatch           Starting Elder Watch monitoring loop...
[16:21:41] INFO     ElderWatch           Press Ctrl+C or 'q' to stop.
[16:21:48] WARNING  ElderWatch           Frame read failed – attempting reconnect...
[16:21:48] INFO     ElderWatch           Camera opened: datasets/raw/le2i/test_converted.mp4 @ 320x240
[16:21:53] INFO     ElderWatch           Keyboard interrupt received.
[16:21:53] INFO     ElderWatch           Elder Watch stopped.
