[16:28:03] INFO     root                 Logging initialized → logs/elder_watch_20260610_162803.log
[16:28:03] INFO     ElderWatch           Initializing Elder Watch System...
[16:28:03] INFO     src.preprocessing.frame_processor FrameProcessor: resize=(640,640), CLAHE=True, blur=3
[16:28:04] INFO     src.detection.yolo_detector Loading PyTorch YOLO model: models/finetuned/yolov8n_fall.pt
[16:28:04] INFO     src.detection.yolo_detector PyTorch model loaded.
[16:28:04] INFO     ElderWatch           YOLO warmup complete.
[16:28:04] INFO     src.pose.mediapipe_pose MediaPipe disabled - YOLO-only mode.
[16:28:04] INFO     src.preprocessing.optical_flow OpticalFlowAnalyzer: enabled=True, method=farneback
[16:28:04] INFO     src.classification.fall_classifier FallClassifier initialized.
[16:28:04] INFO     src.alerts.alert_manager AlertManager initialized. Channels: SMS=False, Email=False, Telegram=False
[16:28:04] INFO     ElderWatch           All components initialized successfully.
[16:28:04] INFO     ElderWatch           Camera opened: datasets/raw/le2i/test_v2.mp4 @ 320x240
[16:28:04] INFO     ElderWatch           Starting Elder Watch monitoring loop...
[16:28:04] INFO     ElderWatch           Press Ctrl+C or 'q' to stop.
[16:28:19] INFO     ElderWatch           [Frame 300] FPS=19.7 | State=NORMAL
[16:28:19] WARNING  ElderWatch           Frame read failed – attempting reconnect...
[16:28:19] INFO     ElderWatch           Camera opened: datasets/raw/le2i/test_v2.mp4 @ 320x240
[16:28:33] INFO     ElderWatch           [Frame 600] FPS=23.5 | State=NORMAL
[16:28:33] WARNING  ElderWatch           Frame read failed – attempting reconnect...
[16:28:34] INFO     ElderWatch           Keyboard interrupt received.
[16:28:34] INFO     ElderWatch           Elder Watch stopped.
