[16:30:05] INFO     root                 Logging initialized → logs/elder_watch_20260610_163005.log
[16:30:05] INFO     ElderWatch           Initializing Elder Watch System...
[16:30:05] INFO     src.preprocessing.frame_processor FrameProcessor: resize=(640,640), CLAHE=True, blur=3
[16:30:06] INFO     src.detection.yolo_detector Loading PyTorch YOLO model: models/finetuned/yolov8n_fall.pt
[16:30:06] INFO     src.detection.yolo_detector PyTorch model loaded.
[16:30:06] INFO     ElderWatch           YOLO warmup complete.
[16:30:06] INFO     src.pose.mediapipe_pose MediaPipe disabled - YOLO-only mode.
[16:30:06] INFO     src.preprocessing.optical_flow OpticalFlowAnalyzer: enabled=True, method=farneback
[16:30:06] INFO     src.classification.fall_classifier FallClassifier initialized.
[16:30:06] INFO     src.alerts.alert_manager AlertManager initialized. Channels: SMS=False, Email=False, Telegram=False
[16:30:06] INFO     ElderWatch           All components initialized successfully.
[16:30:06] INFO     ElderWatch           Camera opened: datasets/raw/le2i/test_v2.mp4 @ 320x240
[16:30:06] INFO     ElderWatch           Starting Elder Watch monitoring loop...
[16:30:06] INFO     ElderWatch           Press Ctrl+C or 'q' to stop.
[16:30:20] INFO     ElderWatch           [Frame 300] FPS=23.9 | State=NORMAL
[16:30:20] WARNING  ElderWatch           Frame read failed – attempting reconnect...
[16:30:20] INFO     ElderWatch           Camera opened: datasets/raw/le2i/test_v2.mp4 @ 320x240
[16:30:34] INFO     ElderWatch           [Frame 600] FPS=20.6 | State=NORMAL
[16:30:34] WARNING  ElderWatch           Frame read failed – attempting reconnect...
[16:30:35] INFO     ElderWatch           Camera opened: datasets/raw/le2i/test_v2.mp4 @ 320x240
[16:30:49] INFO     ElderWatch           [Frame 900] FPS=21.1 | State=NORMAL
[16:30:50] WARNING  ElderWatch           Frame read failed – attempting reconnect...
[16:30:50] INFO     ElderWatch           Camera opened: datasets/raw/le2i/test_v2.mp4 @ 320x240
[16:31:02] INFO     ElderWatch           [Frame 1200] FPS=26.0 | State=NORMAL
[16:31:03] WARNING  ElderWatch           Frame read failed – attempting reconnect...
[16:31:03] INFO     ElderWatch           Camera opened: datasets/raw/le2i/test_v2.mp4 @ 320x240
[16:31:16] INFO     ElderWatch           [Frame 1500] FPS=20.5 | State=NORMAL
[16:31:18] WARNING  ElderWatch           Frame read failed – attempting reconnect...
[16:31:18] INFO     ElderWatch           Camera opened: datasets/raw/le2i/test_v2.mp4 @ 320x240
[16:31:30] INFO     ElderWatch           [Frame 1800] FPS=26.4 | State=NORMAL
[16:31:31] WARNING  ElderWatch           Frame read failed – attempting reconnect...
[16:31:32] INFO     ElderWatch           Camera opened: datasets/raw/le2i/test_v2.mp4 @ 320x240
[16:31:43] INFO     ElderWatch           [Frame 2100] FPS=20.5 | State=NORMAL
[16:31:45] WARNING  ElderWatch           Frame read failed – attempting reconnect...
[16:31:46] INFO     ElderWatch           Camera opened: datasets/raw/le2i/test_v2.mp4 @ 320x240
[16:31:58] INFO     ElderWatch           [Frame 2400] FPS=22.5 | State=NORMAL
[16:32:00] WARNING  ElderWatch           Frame read failed – attempting reconnect...
[16:32:00] INFO     ElderWatch           Camera opened: datasets/raw/le2i/test_v2.mp4 @ 320x240
[16:32:12] INFO     ElderWatch           [Frame 2700] FPS=20.7 | State=NORMAL
[16:32:14] WARNING  ElderWatch           Frame read failed – attempting reconnect...
[16:32:14] INFO     ElderWatch           Camera opened: datasets/raw/le2i/test_v2.mp4 @ 320x240
[16:32:25] INFO     ElderWatch           [Frame 3000] FPS=19.7 | State=NORMAL
[16:32:28] WARNING  ElderWatch           Frame read failed – attempting reconnect...
[16:32:28] INFO     ElderWatch           Camera opened: datasets/raw/le2i/test_v2.mp4 @ 320x240
[16:32:40] INFO     ElderWatch           [Frame 3300] FPS=19.7 | State=NORMAL
[16:32:43] WARNING  ElderWatch           Frame read failed – attempting reconnect...
[16:32:44] INFO     ElderWatch           Camera opened: datasets/raw/le2i/test_v2.mp4 @ 320x240
[16:32:55] INFO     ElderWatch           [Frame 3600] FPS=19.5 | State=NORMAL
[16:32:59] WARNING  ElderWatch           Frame read failed – attempting reconnect...
[16:32:59] INFO     ElderWatch           Camera opened: datasets/raw/le2i/test_v2.mp4 @ 320x240
[16:33:10] INFO     ElderWatch           [Frame 3900] FPS=21.8 | State=NORMAL
[16:33:13] WARNING  ElderWatch           Frame read failed – attempting reconnect...
[16:33:14] INFO     ElderWatch           Camera opened: datasets/raw/le2i/test_v2.mp4 @ 320x240
[16:33:23] INFO     ElderWatch           [Frame 4200] FPS=19.8 | State=NORMAL
[16:33:27] WARNING  ElderWatch           Frame read failed – attempting reconnect...
[16:33:28] INFO     ElderWatch           Camera opened: datasets/raw/le2i/test_v2.mp4 @ 320x240
[16:33:38] INFO     ElderWatch           [Frame 4500] FPS=20.5 | State=NORMAL
[16:33:42] WARNING  ElderWatch           Frame read failed – attempting reconnect...
[16:33:43] INFO     ElderWatch           Camera opened: datasets/raw/le2i/test_v2.mp4 @ 320x240
[16:33:53] INFO     ElderWatch           [Frame 4800] FPS=23.4 | State=NORMAL
[16:33:57] WARNING  ElderWatch           Frame read failed – attempting reconnect...
[16:33:58] INFO     ElderWatch           Camera opened: datasets/raw/le2i/test_v2.mp4 @ 320x240
[16:34:06] INFO     ElderWatch           [Frame 5100] FPS=24.2 | State=NORMAL
[16:34:11] WARNING  ElderWatch           Frame read failed – attempting reconnect...
[16:34:11] INFO     ElderWatch           Camera opened: datasets/raw/le2i/test_v2.mp4 @ 320x240
[16:34:21] INFO     ElderWatch           [Frame 5400] FPS=21.0 | State=NORMAL
[16:34:26] WARNING  ElderWatch           Frame read failed – attempting reconnect...
[16:34:27] INFO     ElderWatch           Camera opened: datasets/raw/le2i/test_v2.mp4 @ 320x240
[16:34:35] INFO     ElderWatch           [Frame 5700] FPS=22.0 | State=NORMAL
[16:34:41] WARNING  ElderWatch           Frame read failed – attempting reconnect...
[16:34:41] INFO     ElderWatch           Camera opened: datasets/raw/le2i/test_v2.mp4 @ 320x240
[16:34:50] INFO     ElderWatch           [Frame 6000] FPS=21.2 | State=NORMAL
[16:34:56] WARNING  ElderWatch           Frame read failed – attempting reconnect...
[16:34:56] INFO     ElderWatch           Camera opened: datasets/raw/le2i/test_v2.mp4 @ 320x240
[16:35:04] INFO     ElderWatch           [Frame 6300] FPS=21.9 | State=NORMAL
[16:35:10] WARNING  ElderWatch           Frame read failed – attempting reconnect...
[16:35:11] INFO     ElderWatch           Camera opened: datasets/raw/le2i/test_v2.mp4 @ 320x240
[16:35:19] INFO     ElderWatch           [Frame 6600] FPS=26.1 | State=NORMAL
[16:35:25] WARNING  ElderWatch           Frame read failed – attempting reconnect...
[16:35:25] INFO     ElderWatch           Camera opened: datasets/raw/le2i/test_v2.mp4 @ 320x240
[16:35:33] INFO     ElderWatch           [Frame 6900] FPS=22.1 | State=NORMAL
[16:35:39] WARNING  ElderWatch           Frame read failed – attempting reconnect...
[16:35:39] INFO     ElderWatch           Camera opened: datasets/raw/le2i/test_v2.mp4 @ 320x240
[16:35:46] INFO     ElderWatch           [Frame 7200] FPS=22.2 | State=NORMAL
[16:35:52] WARNING  ElderWatch           Frame read failed – attempting reconnect...
[16:35:53] INFO     ElderWatch           Camera opened: datasets/raw/le2i/test_v2.mp4 @ 320x240
[16:36:00] INFO     ElderWatch           [Frame 7500] FPS=23.1 | State=NORMAL
[16:36:07] WARNING  ElderWatch           Frame read failed – attempting reconnect...
[16:36:07] INFO     ElderWatch           Camera opened: datasets/raw/le2i/test_v2.mp4 @ 320x240
[16:36:13] INFO     ElderWatch           [Frame 7800] FPS=27.4 | State=NORMAL
[16:36:20] WARNING  ElderWatch           Frame read failed – attempting reconnect...
[16:36:20] INFO     ElderWatch           Camera opened: datasets/raw/le2i/test_v2.mp4 @ 320x240
[16:36:27] INFO     ElderWatch           [Frame 8100] FPS=20.0 | State=NORMAL
[16:36:34] WARNING  ElderWatch           Frame read failed – attempting reconnect...
[16:36:34] INFO     ElderWatch           Camera opened: datasets/raw/le2i/test_v2.mp4 @ 320x240
[16:36:41] INFO     ElderWatch           [Frame 8400] FPS=23.5 | State=NORMAL
[16:36:49] WARNING  ElderWatch           Frame read failed – attempting reconnect...
[16:36:49] INFO     ElderWatch           Camera opened: datasets/raw/le2i/test_v2.mp4 @ 320x240
[16:36:55] INFO     ElderWatch           [Frame 8700] FPS=20.6 | State=NORMAL
[16:37:04] WARNING  ElderWatch           Frame read failed – attempting reconnect...
[16:37:04] INFO     ElderWatch           Camera opened: datasets/raw/le2i/test_v2.mp4 @ 320x240
[16:37:10] INFO     ElderWatch           [Frame 9000] FPS=27.6 | State=NORMAL
[16:37:17] WARNING  ElderWatch           Frame read failed – attempting reconnect...
[16:37:18] INFO     ElderWatch           Camera opened: datasets/raw/le2i/test_v2.mp4 @ 320x240
[16:37:23] INFO     ElderWatch           [Frame 9300] FPS=21.6 | State=NORMAL
[16:37:32] WARNING  ElderWatch           Frame read failed – attempting reconnect...
[16:37:32] INFO     ElderWatch           Camera opened: datasets/raw/le2i/test_v2.mp4 @ 320x240
[16:37:38] INFO     ElderWatch           [Frame 9600] FPS=20.7 | State=NORMAL
[16:37:46] WARNING  ElderWatch           Frame read failed – attempting reconnect...
[16:37:47] INFO     ElderWatch           Camera opened: datasets/raw/le2i/test_v2.mp4 @ 320x240
[16:37:52] INFO     ElderWatch           [Frame 9900] FPS=23.0 | State=NORMAL
[16:37:59] WARNING  ElderWatch           Frame read failed – attempting reconnect...
[16:38:00] INFO     ElderWatch           Camera opened: datasets/raw/le2i/test_v2.mp4 @ 320x240
[16:38:04] INFO     ElderWatch           [Frame 10200] FPS=22.0 | State=NORMAL
[16:38:13] WARNING  ElderWatch           Frame read failed – attempting reconnect...
[16:38:14] INFO     ElderWatch           Camera opened: datasets/raw/le2i/test_v2.mp4 @ 320x240
[16:38:19] INFO     ElderWatch           [Frame 10500] FPS=20.3 | State=NORMAL
[16:38:28] WARNING  ElderWatch           Frame read failed – attempting reconnect...
[16:38:28] INFO     ElderWatch           Camera opened: datasets/raw/le2i/test_v2.mp4 @ 320x240
[16:38:33] INFO     ElderWatch           [Frame 10800] FPS=20.9 | State=NORMAL
[16:38:43] WARNING  ElderWatch           Frame read failed – attempting reconnect...
[16:38:43] INFO     ElderWatch           Camera opened: datasets/raw/le2i/test_v2.mp4 @ 320x240
[16:38:47] INFO     ElderWatch           Keyboard interrupt received.
[16:38:47] INFO     ElderWatch           Elder Watch stopped.
