[16:12:52] INFO     root                 Logging initialized → logs/elder_watch_20260610_161252.log
[16:12:52] INFO     ElderWatch           Initializing Elder Watch System...
[16:12:52] INFO     src.preprocessing.frame_processor FrameProcessor: resize=(640,640), CLAHE=True, blur=3
[16:12:53] INFO     src.detection.yolo_detector Loading PyTorch YOLO model: models/finetuned/yolov8n_fall.pt
[16:12:53] INFO     src.detection.yolo_detector PyTorch model loaded.
[16:12:53] INFO     ElderWatch           YOLO warmup complete.
[16:12:53] INFO     src.pose.mediapipe_pose MediaPipe disabled - YOLO-only mode.
[16:12:53] INFO     src.preprocessing.optical_flow OpticalFlowAnalyzer: enabled=True, method=farneback
[16:12:53] INFO     src.classification.fall_classifier FallClassifier initialized.
[16:12:53] INFO     src.alerts.alert_manager AlertManager initialized. Channels: SMS=False, Email=False, Telegram=False
[16:12:53] INFO     ElderWatch           All components initialized successfully.
[16:12:53] INFO     ElderWatch           Camera opened: datasets/raw/le2i/test_converted.mp4 @ 320x240
[16:12:53] INFO     ElderWatch           Starting Elder Watch monitoring loop...
[16:12:53] INFO     ElderWatch           Press Ctrl+C or 'q' to stop.
[16:13:00] WARNING  ElderWatch           Frame read failed – attempting reconnect...
[16:13:01] INFO     ElderWatch           Camera opened: datasets/raw/le2i/test_converted.mp4 @ 320x240
[16:13:07] INFO     ElderWatch           [Frame 300] FPS=21.3 | State=NORMAL
[16:13:08] WARNING  ElderWatch           Frame read failed – attempting reconnect...
[16:13:08] INFO     ElderWatch           Camera opened: datasets/raw/le2i/test_converted.mp4 @ 320x240
[16:13:15] WARNING  ElderWatch           Frame read failed – attempting reconnect...
[16:13:16] INFO     ElderWatch           Camera opened: datasets/raw/le2i/test_converted.mp4 @ 320x240
[16:13:22] INFO     ElderWatch           [Frame 600] FPS=19.8 | State=NORMAL
[16:13:24] WARNING  ElderWatch           Frame read failed – attempting reconnect...
[16:13:24] INFO     ElderWatch           Camera opened: datasets/raw/le2i/test_converted.mp4 @ 320x240
[16:13:31] WARNING  ElderWatch           Frame read failed – attempting reconnect...
[16:13:32] INFO     ElderWatch           Camera opened: datasets/raw/le2i/test_converted.mp4 @ 320x240
[16:13:37] INFO     ElderWatch           [Frame 900] FPS=24.0 | State=NORMAL
[16:13:39] WARNING  ElderWatch           Frame read failed – attempting reconnect...
[16:13:39] INFO     ElderWatch           Camera opened: datasets/raw/le2i/test_converted.mp4 @ 320x240
[16:13:47] WARNING  ElderWatch           Frame read failed – attempting reconnect...
[16:13:47] INFO     ElderWatch           Camera opened: datasets/raw/le2i/test_converted.mp4 @ 320x240
[16:13:52] INFO     ElderWatch           [Frame 1200] FPS=20.5 | State=NORMAL
[16:13:55] WARNING  ElderWatch           Frame read failed – attempting reconnect...
[16:13:56] INFO     ElderWatch           Camera opened: datasets/raw/le2i/test_converted.mp4 @ 320x240
[16:14:03] WARNING  ElderWatch           Frame read failed – attempting reconnect...
[16:14:04] INFO     ElderWatch           Camera opened: datasets/raw/le2i/test_converted.mp4 @ 320x240
[16:14:08] INFO     ElderWatch           [Frame 1500] FPS=20.5 | State=NORMAL
[16:14:11] WARNING  ElderWatch           Frame read failed – attempting reconnect...
[16:14:12] INFO     ElderWatch           Camera opened: datasets/raw/le2i/test_converted.mp4 @ 320x240
[16:14:20] WARNING  ElderWatch           Frame read failed – attempting reconnect...
[16:14:20] INFO     ElderWatch           Camera opened: datasets/raw/le2i/test_converted.mp4 @ 320x240
[16:14:22] INFO     ElderWatch           Keyboard interrupt received.
[16:14:22] INFO     ElderWatch           Elder Watch stopped.
